14:54:12,340 DEBUG Initialization.aj: 35 - className application.Client
14:54:12,348 DEBUG Initialization.aj: 35 - className application.Client
14:54:15,781 DEBUG MessageJoinPointTracker.aj: 60 - remaining bytes received are are 1405
14:54:15,816 DEBUG Initialization.aj: 41 - Configuring the Message: Role, Protocol, Conversation
14:54:15,817 DEBUG Initialization.aj: 41 - Configuring the Message: Role, Protocol, Conversation
14:54:15,821 DEBUG StateMachine.java: 216 - In Creat State Machine method
14:54:15,822 DEBUG StateMachine.java: 217 - In Creat State Machine method with Protocol universe.Protocol@4cdc5b6a
14:54:15,823 DEBUG StateMachine.java: 218 - In Creat State Machine method with Protocol.Name TimeLogger
14:54:15,837 DEBUG StateMachine.java: 219 - role Server
14:54:15,837 DEBUG StateMachine.java: 220 - conversation universe.Conversation@5d7c1cf0
14:54:15,838 DEBUG StateMachine.java: 222 - creating state machine for type class aspects.ms.Server_SM
14:54:15,842 DEBUG LoggingTimeAspectMS.aj: 29 - Multistep: MS Sender: Server - Message TranslationMessage [ID = d61b4811-7e8c-46aa-8900-073376e31577] at time 14:54:15
14:54:15,843 DEBUG MultistepConversationAspect.aj: 96 - R : before transition current state is Initial
14:54:15,843 DEBUG MultistepConversationAspect.aj: 99 - R : after transition current state is ServerRcvdRequest
14:54:15,844 DEBUG MultistepConversationAspect.aj: 100 - R : is final state  false
14:54:15,846 DEBUG MultistepConversationAspect.aj: 101 -  : current message is class utilities.TranslationMessage
14:54:16,657 DEBUG Initialization.aj: 41 - Configuring the Message: Role, Protocol, Conversation
14:54:16,658 DEBUG Initialization.aj: 41 - Configuring the Message: Role, Protocol, Conversation
14:54:16,659 DEBUG Server.java: 158 - remaining bytes sent are 865
14:54:16,661 DEBUG MultistepConversationAspect.aj: 96 - S : before transition current state is ServerRcvdRequest
14:54:16,661 DEBUG MultistepConversationAspect.aj: 99 - S : after transition current state is ServerSentResponse
14:54:16,662 D14:54:16,669 DEBUG MessageJoinPointTracker.aj: 60 - remaining bytes received are are 1234
14:54:16,671 DEBUG MultistepConversationAspect.aj: 96 - R : before transition current state is ClientSendRequest
14:54:16,671 DEBUG MultistepConversationAspect.aj: 99 - R : after transition current state is ClientRcvdResponse
14:54:16,671 DEBUG MultistepConversationAspect.aj: 100 - R : is final state  true
14:54:16,673 DEBUG MultistepConversationAspect.aj: 101 -  : current message is class utilities.TranslationMessage
14:54:16,698 DEBUG LoggingTimeAspectMS.aj: 39 -  Multistep: MS Receiver: Client - Message TranslationMessage [ID = d61b4811-7e8c-46aa-8900-073376e31577] at time 14:54:16
Round trip time is 0:0:1
