17:37:00,766 DEBUG Initialization.aj: 35 - className application.FTPClient_
17:37:00,775 DEBUG Initialization.aj: 35 - className application.FTPClient_
17:37:03,962 DEBUG MessageJoinPointTracker.aj: 60 - remaining bytes received are are 1436
17:37:03,993 DEBUG Initialization.aj: 41 - Configuring the Message: Role, Protocol, Conversation
17:37:03,993 DEBUG Initialization.aj: 41 - Configuring the Message: Role, Protocol, Conversation
17:37:04,008 DEBUG Initialization.aj: 41 - Configuring the Message: Role, Protocol, Conversation
17:37:04,009 DEBUG Initialization.aj: 41 - Configuring the Message: Role, Protocol, Conversation
17:37:04,010 DEBUG FTPServer_.java: 158 - remaining bytes sent are 575
17:37:05,981 DEBUG MessageJoinPointTracker.aj: 60 - remaining bytes received are are 575
ization.aj: 41 - Configuring the Message: Role, Protocol, Conversation
17:37:03,921 DEBUG Initialization.aj: 41 - Configuring the Message: Role, Protocol, Conversation
17:37:03,928 DEBUG StateMachine.java: 216 - In Creat State Machine method
17:37:03,928 DEBUG StateMachine.java: 217 - In Creat State Machine method with Protocol universe.Protocol@2fe2c656
17:37:03,929 DEBUG StateMachine.java: 218 - In Creat State Machine method with Protocol.Name TimeLogger
17:37:03,929 DEBUG StateMachine.java: 219 - role FTPClient_
17:37:03,930 DEBUG StateMachine.java: 220 - conversation universe.Conversation@49450f34
17:37:03,931 DEBUG StateMachine.java: 222 - creating state machine for type class aspects.ms.Client_SM
17:37:03,944 DEBUG MultistepConversationAspect.aj: 96 - S : before transition current state is Initial
17:37:03,945 DEBUG MultistepConversationAspect.aj: 99 - S : after transition current state is ClientSendRequest
17:37:03,945 DEBUG MultistepConversationAspect.aj: 100 - S : is final state  false
17:37:03,946 DEBUG MultistepConversationAspect.aj: 101 -  : current message is class utilities.FileTransferRequest
17:37:04,041 DEBUG MessageJoinPointTracker.aj: 60 - remaining bytes received are are 575
17:37:04,043 DEBUG MultistepConversationAspect.aj: 96 - R : before transition current state is ClientSendRequest
17:37:04,043 DEBUG MultistepConversationAspect.aj: 99 - R : after transition current state is FileTransferRcvd
17:37:04,043 DEBUG MultistepConversationAspect.aj: 100 - R : is final state  false
17:37:04,044 DEBUG MultistepConversationAspect.aj: 101 -  : current message is class utilities.FileTransferRequest
17:37:05,968 DEBUG Initialization.aj: 41 - Configuring the Message: Role, Protocol, Conversation
17:37:05,968 DEBUG Initialization.aj: 41 - Configuring the Message: Role, Protocol, Conversation
17:37:05,969 DEBUG FTPClient_.java: 158 - remaining bytes sent are 737
17:37:05,971 DEBUG MultistepConversationAspect.aj: 96 - S : before transition current state is FileTransferRcvd
17:37:05,971 DEBUG MultistepConversationAspect.aj: 99 - S : after transition current state is FileTransferRcvd
17:37:05,971 DEBUG MultistepConversationAspect.aj: 100 - S : is final state  false
17:37:05,972 DEBUG MultistepConversationAspect.aj: 101 -  : current message is class utilities.FileTransferRequest
